[2023-04-28T17:04:18.055Z] info: server listening on port 9000
[2023-04-28T17:54:15.112Z] info: server listening on port 9000
[2023-04-28T18:01:21.875Z] info: server listening on port 9000
[2023-04-28T18:03:41.681Z] info: server listening on port 9000
[2023-04-28T18:04:20.856Z] info: server listening on port 9000
[2023-04-28T18:06:06.831Z] info: server listening on port 9000
[2023-04-28T18:09:44.849Z] info: server listening on port 9000
[2023-04-28T19:16:48.601Z] info: server listening on port 9000
[2023-04-28T19:17:31.207Z] info: server listening on port 9000
[2023-04-28T19:34:57.509Z] info: server listening on port 9000
[2023-04-28T19:38:05.988Z] info: server listening on port 9000
[2023-04-28T19:46:55.940Z] info: server listening on port 9000
[2023-04-28T19:54:19.414Z] info: server listening on port 9000
[2023-05-02T19:23:39.161Z] info: server listening on port 9000
[2023-05-02T19:26:11.250Z] info: server listening on port 9000
[2023-05-02T19:26:40.031Z] info: server listening on port 9000
[2023-05-02T19:27:24.190Z] info: server listening on port 9000
[2023-05-02T19:29:36.937Z] info: server listening on port 9000
[2023-05-02T19:30:41.398Z] info: server listening on port 9000
[2023-05-02T19:32:47.472Z] info: server listening on port 9000
[2023-05-03T16:51:31.772Z] info: server listening on port 9000
[2023-05-03T16:52:36.267Z] info: server listening on port 9000
[2023-05-03T16:56:52.433Z] info: server listening on port 9000
[2023-05-03T19:28:53.538Z] info: server listening on port 9000
[2023-05-04T11:35:00.341Z] info: server listening on port 9000
[2023-05-04T13:11:44.926Z] info: server listening on port 9000
[2023-05-04T13:35:22.965Z] info: server listening on port 9000
[2023-05-04T13:36:09.158Z] info: server listening on port 9000
[2023-05-04T13:37:07.455Z] info: server listening on port 9000
[2023-05-05T16:15:09.184Z] info: server listening on port 9000
[2023-05-05T16:17:58.097Z] info: server listening on port 9000
[2023-05-05T16:19:16.234Z] info: server listening on port 9000
[2023-05-05T16:22:36.020Z] info: server listening on port 9000
[2023-05-05T16:37:48.313Z] info: server listening on port 9000
[2023-05-05T16:38:47.561Z] info: server listening on port 9000
[2023-05-05T16:41:41.974Z] info: server listening on port 9000
[2023-05-05T16:44:54.400Z] info: server listening on port 9000
[2023-05-05T16:45:40.255Z] info: server listening on port 9000
[2023-05-05T17:00:10.284Z] info: server listening on port 9000
[2023-05-05T17:00:16.474Z] info: server listening on port 9000
[2023-05-12T16:46:33.092Z] info: server listening on port 9000
[2023-05-12T17:15:08.523Z] info: server listening on port 9000
[2023-05-15T18:24:21.037Z] info: server listening on port 9000
[2023-05-15T18:29:17.811Z] info: server listening on port 9000
[2023-05-15T18:29:21.629Z] info: Ingreso exitoso: {
  _id: new ObjectId("645291604fcd70a9beed45bf"),
  nombre: 'user',
  apellido: 'user',
  email: 'usedd2@pdaadruedddba.com',
  password: '$2b$10$A6LSUQRhjvyh9Gc8GvFv4OqUX0UK2RkZsm1FdrrulTPhPSgOw3uC6',
  role: 'nn',
  __v: 0
}
[2023-05-15T18:30:18.612Z] error: Contraseña no valida
[2023-05-15T18:30:47.159Z] info: Usuario registrado con exito: undefined
[2023-05-15T18:31:35.072Z] error: Email ya registrado
[2023-05-15T18:32:59.675Z] info: server listening on port 9000
[2023-05-15T18:33:16.360Z] info: Usuario registrado con exito: {
  nombre: 'user',
  apellido: 'user',
  email: '2@pdaadruedddba.com',
  password: '$2b$10$ykVlTBsLEkSnu2yRUeq2YOK1I1kaWwvEuTRO99jfakLWkh03xvHWi',
  role: 'nn',
  _id: new ObjectId("64627aecd0d4763c7b0682ec")
}
[2023-05-15T18:33:29.987Z] error: Email ya registrado
[2023-05-15T18:34:10.934Z] error: Contraseña no valida
[2023-05-15T18:34:17.723Z] info: Ingreso exitoso: {
  _id: new ObjectId("645291604fcd70a9beed45bf"),
  nombre: 'user',
  apellido: 'user',
  email: 'usedd2@pdaadruedddba.com',
  password: '$2b$10$A6LSUQRhjvyh9Gc8GvFv4OqUX0UK2RkZsm1FdrrulTPhPSgOw3uC6',
  role: 'nn',
  __v: 0
}
[2023-05-15T18:34:54.449Z] error: Usuario no encontrado
[2023-05-16T16:24:20.836Z] info: server listening on port 9000
[2023-05-16T16:26:22.569Z] info: server listening on port 9000
[2023-05-16T16:26:34.433Z] error: Acceso denegado
[2023-05-16T16:27:55.402Z] error: error: "email" must be a valid email
[2023-05-16T16:28:34.540Z] error: error: "email" length must be at least 6 characters long
[2023-05-16T16:28:48.300Z] error: error: "email" length must be at least 6 characters long
[2023-05-16T16:28:56.899Z] error: error: "password" length must be at least 6 characters long
[2023-05-16T16:31:24.603Z] info: server listening on port 9000
[2023-05-16T16:31:46.010Z] error: "password" length must be at least 6 characters long
[2023-05-16T16:33:00.968Z] info: server listening on port 9000
[2023-05-16T16:34:15.547Z] info: server listening on port 9000
[2023-05-16T16:35:30.804Z] info: server listening on port 9000
[2023-05-16T16:36:36.205Z] info: server listening on port 9000
[2023-05-16T16:38:59.375Z] info: server listening on port 9000
[2023-05-16T16:39:05.082Z] info: Partido actualizado
[2023-05-16T16:39:25.943Z] info: Partido actualizado
[2023-05-16T16:39:51.055Z] info: Partido actualizado
[2023-05-16T16:41:33.531Z] info: server listening on port 9000
[2023-05-16T16:41:41.411Z] info: Partido actualizado
[2023-05-16T16:43:34.342Z] info: server listening on port 9000
[2023-05-16T16:43:44.681Z] error: Estado no valido
[2023-05-16T16:44:01.933Z] info: Se inserto un partido correctamente
[2023-05-16T16:51:48.494Z] info: server listening on port 9000
[2023-05-16T17:49:16.158Z] info: server listening on port 9000
